mobile/android/app/build/intermediates/manifest_merge_blame_file/debug/manifest-merger-blame-debug-report.txt
1<?xml version="1.0" encoding="utf-8"?>
2<manifest xmlns:android="http://schemas.android.com/apk/res/android"
3    package="com.mobile2"
4    android:versionCode="1"
5    android:versionName="1.0" >
6
7    <uses-sdk
8        android:minSdkVersion="21"
9        android:targetSdkVersion="30" />
10
11    <uses-permission android:name="android.permission.SYSTEM_ALERT_WINDOW" />
11-->src\main\AndroidManifest.xml:5:3-75
11-->src\main\AndroidManifest.xml:5:20-73
12    <uses-permission android:name="android.permission.INTERNET" />
12-->src\main\AndroidManifest.xml:3:3-64
12-->src\main\AndroidManifest.xml:3:20-62
13    <uses-permission android:name="android.permission.VIBRATE" /> <!-- These require runtime permissions on M -->
13-->src\main\AndroidManifest.xml:6:3-63
13-->src\main\AndroidManifest.xml:6:20-61
14    <uses-permission android:name="android.permission.READ_EXTERNAL_STORAGE" />
14-->src\main\AndroidManifest.xml:8:3-77
14-->src\main\AndroidManifest.xml:8:20-75
15    <uses-permission android:name="android.permission.WRITE_EXTERNAL_STORAGE" />
15-->src\main\AndroidManifest.xml:9:3-78
15-->src\main\AndroidManifest.xml:9:20-76
16    <uses-permission android:name="android.permission.ACCESS_WIFI_STATE" />
16-->[com.facebook.flipper:flipper:0.54.0] AndroidManifest.xml:16:5-76
16-->[com.facebook.flipper:flipper:0.54.0] AndroidManifest.xml:16:22-73
17    <uses-permission android:name="android.permission.ACCESS_NETWORK_STATE" />
17-->[:expo-updates] AndroidManifest.xml:11:5-79
17-->[:expo-updates] AndroidManifest.xml:11:22-76
18    <uses-permission android:name="com.google.android.finsky.permission.BIND_GET_INSTALL_REFERRER_SERVICE" />
18-->[com.android.installreferrer:installreferrer:1.0] AndroidManifest.xml:9:5-110
18-->[com.android.installreferrer:installreferrer:1.0] AndroidManifest.xml:9:22-107
19
20    <application
20-->src\main\AndroidManifest.xml:11:3-36:17
21        android:name="com.mobile2.MainApplication"
21-->src\main\AndroidManifest.xml:12:5-36
22        android:allowBackup="false"
22-->src\main\AndroidManifest.xml:16:5-32
23        android:appComponentFactory="androidx.core.app.CoreComponentFactory"
23-->[androidx.core:core:1.3.0] AndroidManifest.xml:24:18-86
24        android:debuggable="true"
25        android:icon="@mipmap/ic_launcher"
25-->src\main\AndroidManifest.xml:14:5-39
26        android:label="@string/app_name"
26-->src\main\AndroidManifest.xml:13:5-37
27        android:roundIcon="@mipmap/ic_launcher_round"
27-->src\main\AndroidManifest.xml:15:5-50
28        android:theme="@style/AppTheme"
28-->src\main\AndroidManifest.xml:17:5-36
29        android:usesCleartextTraffic="true" >
29-->src\main\AndroidManifest.xml:18:5-40
30        <meta-data
30-->src\main\AndroidManifest.xml:20:5-103
31            android:name="expo.modules.updates.EXPO_UPDATE_URL"
31-->src\main\AndroidManifest.xml:20:16-67
32            android:value="YOUR-APP-URL-HERE" />
32-->src\main\AndroidManifest.xml:20:68-101
33        <meta-data
33-->src\main\AndroidManifest.xml:21:5-112
34            android:name="expo.modules.updates.EXPO_SDK_VERSION"
34-->src\main\AndroidManifest.xml:21:16-68
35            android:value="YOUR-APP-SDK-VERSION-HERE" />
35-->src\main\AndroidManifest.xml:21:69-110
36
37        <activity
37-->src\main\AndroidManifest.xml:22:5-34:16
38            android:name="com.mobile2.MainActivity"
38-->src\main\AndroidManifest.xml:23:7-35
39            android:configChanges="keyboard|keyboardHidden|orientation|screenSize|uiMode"
39-->src\main\AndroidManifest.xml:25:7-84
40            android:label="@string/app_name"
40-->src\main\AndroidManifest.xml:24:7-39
41            android:launchMode="singleTask"
41-->src\main\AndroidManifest.xml:26:7-38
42            android:theme="@style/Theme.App.SplashScreen"
42-->src\main\AndroidManifest.xml:28:7-52
43            android:windowSoftInputMode="adjustResize" >
43-->src\main\AndroidManifest.xml:27:7-49
44            <intent-filter>
44-->src\main\AndroidManifest.xml:30:7-33:23
45                <action android:name="android.intent.action.MAIN" />
45-->src\main\AndroidManifest.xml:31:9-60
45-->src\main\AndroidManifest.xml:31:17-58
46
47                <category android:name="android.intent.category.LAUNCHER" />
47-->src\main\AndroidManifest.xml:32:9-68
47-->src\main\AndroidManifest.xml:32:19-66
48            </intent-filter>
49        </activity>
50        <activity android:name="com.facebook.react.devsupport.DevSettingsActivity" />
50-->src\main\AndroidManifest.xml:35:5-81
50-->src\main\AndroidManifest.xml:35:15-79
51
52        <meta-data
52-->[:unimodules-react-native-adapter] AndroidManifest.xml:12:9-14:91
53            android:name="org.unimodules.core.AppLoader#react-native-headless"
53-->[:unimodules-react-native-adapter] AndroidManifest.xml:13:13-79
54            android:value="org.unimodules.adapters.react.apploader.RNHeadlessAppLoader" />
54-->[:unimodules-react-native-adapter] AndroidManifest.xml:14:13-88
55
56        <provider
56-->[:expo-file-system] AndroidManifest.xml:17:9-26:20
57            android:name="expo.modules.filesystem.FileSystemFileProvider"
57-->[:expo-file-system] AndroidManifest.xml:18:13-74
58            android:authorities="com.mobile2.FileSystemFileProvider"
58-->[:expo-file-system] AndroidManifest.xml:19:13-74
59            android:exported="false"
59-->[:expo-file-system] AndroidManifest.xml:20:13-37
60            android:grantUriPermissions="true" >
60-->[:expo-file-system] AndroidManifest.xml:21:13-47
61            <meta-data
61-->[:expo-file-system] AndroidManifest.xml:23:13-25:70
62                android:name="android.support.FILE_PROVIDER_PATHS"
62-->[:expo-file-system] AndroidManifest.xml:24:17-67
63                android:resource="@xml/file_system_provider_paths" />
63-->[:expo-file-system] AndroidManifest.xml:25:17-67
64        </provider>
65
66        <service
66-->[androidx.room:room-runtime:2.1.0] AndroidManifest.xml:25:9-27:40
67            android:name="androidx.room.MultiInstanceInvalidationService"
67-->[androidx.room:room-runtime:2.1.0] AndroidManifest.xml:26:13-74
68            android:exported="false" />
68-->[androidx.room:room-runtime:2.1.0] AndroidManifest.xml:27:13-37
69    </application>
70
71</manifest>